<?xml version="1.0" encoding="UTF-8"?>
<!-- Generated by org.testng.reporters.JUnitReportReporter -->
<testsuite hostname="TechAviator-PC" name="Scenario_Component.Scenario_Search" tests="1" failures="0" timestamp="22 Jan 2017 09:47:20 GMT" time="52.804" errors="0">
  <testcase name="testInvalidSearch" time="52.804" classname="Scenario_Component.Scenario_Search"/>
</testsuite> <!-- Scenario_Component.Scenario_Search -->
